This is pdfTeX, Version 3.14159265-2.6-1.40.16 (TeX Live 2015/Debian) (preloaded format=pdflatex 2017.11.8)  7 DEC 2017 17:41
entering extended mode
 restricted \write18 enabled.
 %&-line parsing enabled.
**Yoann_Masson_Report.tex
(./Yoann_Masson_Report.tex
LaTeX2e <2016/02/01>
Babel <3.9q> and hyphenation patterns for 5 language(s) loaded.
(/usr/share/texlive/texmf-dist/tex/latex/base/report.cls
Document Class: report 2014/09/29 v1.4h Standard LaTeX document class
(/usr/share/texlive/texmf-dist/tex/latex/base/size12.clo
File: size12.clo 2014/09/29 v1.4h Standard LaTeX file (size option)
)
\c@part=\count79
\c@chapter=\count80
\c@section=\count81
\c@subsection=\count82
\c@subsubsection=\count83
\c@paragraph=\count84
\c@subparagraph=\count85
\c@figure=\count86
\c@table=\count87
\abovecaptionskip=\skip41
\belowcaptionskip=\skip42
\bibindent=\dimen102
)
(/usr/share/texlive/texmf-dist/tex/latex/graphics/graphicx.sty
Package: graphicx 2014/10/28 v1.0g Enhanced LaTeX Graphics (DPC,SPQR)

(/usr/share/texlive/texmf-dist/tex/latex/graphics/keyval.sty
Package: keyval 2014/10/28 v1.15 key=value parser (DPC)
\KV@toks@=\toks14
)
(/usr/share/texlive/texmf-dist/tex/latex/graphics/graphics.sty
Package: graphics 2016/01/03 v1.0q Standard LaTeX Graphics (DPC,SPQR)

(/usr/share/texlive/texmf-dist/tex/latex/graphics/trig.sty
Package: trig 2016/01/03 v1.10 sin cos tan (DPC)
)
(/usr/share/texlive/texmf-dist/tex/latex/latexconfig/graphics.cfg
File: graphics.cfg 2010/04/23 v1.9 graphics configuration of TeX Live
)
Package graphics Info: Driver file: pdftex.def on input line 95.

(/usr/share/texlive/texmf-dist/tex/latex/pdftex-def/pdftex.def
File: pdftex.def 2011/05/27 v0.06d Graphics/color for pdfTeX

(/usr/share/texlive/texmf-dist/tex/generic/oberdiek/infwarerr.sty
Package: infwarerr 2010/04/08 v1.3 Providing info/warning/error messages (HO)
)
(/usr/share/texlive/texmf-dist/tex/generic/oberdiek/ltxcmds.sty
Package: ltxcmds 2011/11/09 v1.22 LaTeX kernel commands for general use (HO)
)
\Gread@gobject=\count88
))
\Gin@req@height=\dimen103
\Gin@req@width=\dimen104
)
(/usr/share/texlive/texmf-dist/tex/latex/booktabs/booktabs.sty
Package: booktabs 2005/04/14 v1.61803 publication quality tables
\heavyrulewidth=\dimen105
\lightrulewidth=\dimen106
\cmidrulewidth=\dimen107
\belowrulesep=\dimen108
\belowbottomsep=\dimen109
\aboverulesep=\dimen110
\abovetopsep=\dimen111
\cmidrulesep=\dimen112
\cmidrulekern=\dimen113
\defaultaddspace=\dimen114
\@cmidla=\count89
\@cmidlb=\count90
\@aboverulesep=\dimen115
\@belowrulesep=\dimen116
\@thisruleclass=\count91
\@lastruleclass=\count92
\@thisrulewidth=\dimen117
)
(/usr/share/texlive/texmf-dist/tex/latex/was/gensymb.sty
Package: gensymb 2003/07/02 v1.0 (WaS)
)
(/usr/share/texlive/texmf-dist/tex/latex/amsmath/amsmath.sty
Package: amsmath 2016/03/03 v2.15a AMS math features
\@mathmargin=\skip43

For additional information on amsmath, use the `?' option.
(/usr/share/texlive/texmf-dist/tex/latex/amsmath/amstext.sty
Package: amstext 2000/06/29 v2.01 AMS text

(/usr/share/texlive/texmf-dist/tex/latex/amsmath/amsgen.sty
File: amsgen.sty 1999/11/30 v2.0 generic functions
\@emptytoks=\toks15
\ex@=\dimen118
))
(/usr/share/texlive/texmf-dist/tex/latex/amsmath/amsbsy.sty
Package: amsbsy 1999/11/29 v1.2d Bold Symbols
\pmbraise@=\dimen119
)
(/usr/share/texlive/texmf-dist/tex/latex/amsmath/amsopn.sty
Package: amsopn 1999/12/14 v2.01 operator names
)
\inf@bad=\count93
LaTeX Info: Redefining \frac on input line 199.
\uproot@=\count94
\leftroot@=\count95
LaTeX Info: Redefining \overline on input line 297.
\classnum@=\count96
\DOTSCASE@=\count97
LaTeX Info: Redefining \ldots on input line 394.
LaTeX Info: Redefining \dots on input line 397.
LaTeX Info: Redefining \cdots on input line 518.
\Mathstrutbox@=\box26
\strutbox@=\box27
\big@size=\dimen120
LaTeX Font Info:    Redeclaring font encoding OML on input line 630.
LaTeX Font Info:    Redeclaring font encoding OMS on input line 631.
\macc@depth=\count98
\c@MaxMatrixCols=\count99
\dotsspace@=\muskip10
\c@parentequation=\count100
\dspbrk@lvl=\count101
\tag@help=\toks16
\row@=\count102
\column@=\count103
\maxfields@=\count104
\andhelp@=\toks17
\eqnshift@=\dimen121
\alignsep@=\dimen122
\tagshift@=\dimen123
\tagwidth@=\dimen124
\totwidth@=\dimen125
\lineht@=\dimen126
\@envbody=\toks18
\multlinegap=\skip44
\multlinetaggap=\skip45
\mathdisplay@stack=\toks19
LaTeX Info: Redefining \[ on input line 2735.
LaTeX Info: Redefining \] on input line 2736.
)
(/usr/share/texlive/texmf-dist/tex/latex/appendix/appendix.sty
Package: appendix 2009/09/02 v1.2b extra appendix facilities
\c@@pps=\count105
\c@@ppsavesec=\count106
\c@@ppsaveapp=\count107
)
(/usr/share/texlive/texmf-dist/tex/latex/pdfpages/pdfpages.sty
Package: pdfpages 2015/09/18 v0.5d Insert pages of external PDF documents (AM)

(/usr/share/texlive/texmf-dist/tex/latex/base/ifthen.sty
Package: ifthen 2014/09/29 v1.1c Standard LaTeX ifthen package (DPC)
)
(/usr/share/texlive/texmf-dist/tex/latex/tools/calc.sty
Package: calc 2014/10/28 v4.3 Infix arithmetic (KKT,FJ)
\calc@Acount=\count108
\calc@Bcount=\count109
\calc@Adimen=\dimen127
\calc@Bdimen=\dimen128
\calc@Askip=\skip46
\calc@Bskip=\skip47
LaTeX Info: Redefining \setlength on input line 80.
LaTeX Info: Redefining \addtolength on input line 81.
\calc@Ccount=\count110
\calc@Cskip=\skip48
)
(/usr/share/texlive/texmf-dist/tex/latex/eso-pic/eso-pic.sty
Package: eso-pic 2015/07/21 v2.0g eso-pic (RN)

(/usr/share/texlive/texmf-dist/tex/generic/oberdiek/atbegshi.sty
Package: atbegshi 2011/10/05 v1.16 At begin shipout hook (HO)

(/usr/share/texlive/texmf-dist/tex/generic/oberdiek/ifpdf.sty
Package: ifpdf 2011/01/30 v2.3 Provides the ifpdf switch (HO)
Package ifpdf Info: pdfTeX in PDF mode is detected.
))
(/usr/share/texlive/texmf-dist/tex/latex/xcolor/xcolor.sty
Package: xcolor 2007/01/21 v2.11 LaTeX color extensions (UK)

(/usr/share/texlive/texmf-dist/tex/latex/latexconfig/color.cfg
File: color.cfg 2007/01/18 v1.5 color configuration of teTeX/TeXLive
)
Package xcolor Info: Driver file: pdftex.def on input line 225.
Package xcolor Info: Model `cmy' substituted by `cmy0' on input line 1337.
Package xcolor Info: Model `hsb' substituted by `rgb' on input line 1341.
Package xcolor Info: Model `RGB' extended on input line 1353.
Package xcolor Info: Model `HTML' substituted by `rgb' on input line 1355.
Package xcolor Info: Model `Hsb' substituted by `hsb' on input line 1356.
Package xcolor Info: Model `tHsb' substituted by `hsb' on input line 1357.
Package xcolor Info: Model `HSB' substituted by `hsb' on input line 1358.
Package xcolor Info: Model `Gray' substituted by `gray' on input line 1359.
Package xcolor Info: Model `wave' substituted by `hsb' on input line 1360.
))
\AM@pagewidth=\dimen129
\AM@pageheight=\dimen130

(/usr/share/texlive/texmf-dist/tex/latex/pdfpages/pppdftex.def
File: pppdftex.def 2015/09/18 v0.5d Pdfpages driver for pdfTeX (AM)
)
\AM@pagebox=\box28
\AM@toc@title=\toks20
\c@AM@survey=\count111
\AM@templatesizebox=\box29
)
(./Yoann_Masson_Report.aux)
\openout1 = `Yoann_Masson_Report.aux'.

LaTeX Font Info:    Checking defaults for OML/cmm/m/it on input line 10.
LaTeX Font Info:    ... okay on input line 10.
LaTeX Font Info:    Checking defaults for T1/cmr/m/n on input line 10.
LaTeX Font Info:    ... okay on input line 10.
LaTeX Font Info:    Checking defaults for OT1/cmr/m/n on input line 10.
LaTeX Font Info:    ... okay on input line 10.
LaTeX Font Info:    Checking defaults for OMS/cmsy/m/n on input line 10.
LaTeX Font Info:    ... okay on input line 10.
LaTeX Font Info:    Checking defaults for OMX/cmex/m/n on input line 10.
LaTeX Font Info:    ... okay on input line 10.
LaTeX Font Info:    Checking defaults for U/cmr/m/n on input line 10.
LaTeX Font Info:    ... okay on input line 10.

(/usr/share/texlive/texmf-dist/tex/context/base/supp-pdf.mkii
[Loading MPS to PDF converter (version 2006.09.02).]
\scratchcounter=\count112
\scratchdimen=\dimen131
\scratchbox=\box30
\nofMPsegments=\count113
\nofMParguments=\count114
\everyMPshowfont=\toks21
\MPscratchCnt=\count115
\MPscratchDim=\dimen132
\MPnumerator=\count116
\makeMPintoPDFobject=\count117
\everyMPtoPDFconversion=\toks22
) (/usr/share/texlive/texmf-dist/tex/generic/oberdiek/pdftexcmds.sty
Package: pdftexcmds 2011/11/29 v0.20 Utility functions of pdfTeX for LuaTeX (HO
)

(/usr/share/texlive/texmf-dist/tex/generic/oberdiek/ifluatex.sty
Package: ifluatex 2010/03/01 v1.3 Provides the ifluatex switch (HO)
Package ifluatex Info: LuaTeX not detected.
)
Package pdftexcmds Info: LuaTeX not detected.
Package pdftexcmds Info: \pdf@primitive is available.
Package pdftexcmds Info: \pdf@ifprimitive is available.
Package pdftexcmds Info: \pdfdraftmode found.
)
(/usr/share/texlive/texmf-dist/tex/latex/oberdiek/epstopdf-base.sty
Package: epstopdf-base 2010/02/09 v2.5 Base part for package epstopdf

(/usr/share/texlive/texmf-dist/tex/latex/oberdiek/grfext.sty
Package: grfext 2010/08/19 v1.1 Manage graphics extensions (HO)

(/usr/share/texlive/texmf-dist/tex/generic/oberdiek/kvdefinekeys.sty
Package: kvdefinekeys 2011/04/07 v1.3 Define keys (HO)
))
(/usr/share/texlive/texmf-dist/tex/latex/oberdiek/kvoptions.sty
Package: kvoptions 2011/06/30 v3.11 Key value format for package options (HO)

(/usr/share/texlive/texmf-dist/tex/generic/oberdiek/kvsetkeys.sty
Package: kvsetkeys 2012/04/25 v1.16 Key value parser (HO)

(/usr/share/texlive/texmf-dist/tex/generic/oberdiek/etexcmds.sty
Package: etexcmds 2011/02/16 v1.5 Avoid name clashes with e-TeX commands (HO)
Package etexcmds Info: Could not find \expanded.
(etexcmds)             That can mean that you are not using pdfTeX 1.50 or
(etexcmds)             that some package has redefined \expanded.
(etexcmds)             In the latter case, load this package earlier.
)))
Package grfext Info: Graphics extension search list:
(grfext)             [.png,.pdf,.jpg,.mps,.jpeg,.jbig2,.jb2,.PNG,.PDF,.JPG,.JPE
G,.JBIG2,.JB2,.eps]
(grfext)             \AppendGraphicsExtensions on input line 452.

(/usr/share/texlive/texmf-dist/tex/latex/latexconfig/epstopdf-sys.cfg
File: epstopdf-sys.cfg 2010/07/13 v1.3 Configuration of (r)epstopdf for TeX Liv
e
))
LaTeX Info: Redefining \celsius on input line 10.
Package gensymb Info: Faking symbols for \degree and \celsius on input line 10.



Package gensymb Warning: Not defining \perthousand.

LaTeX Info: Redefining \ohm on input line 10.
Package gensymb Info: Using \Omega for \ohm on input line 10.

Package gensymb Warning: Not defining \micro.

\AtBeginShipoutBox=\box31
(/usr/share/texlive/texmf-dist/tex/latex/oberdiek/pdflscape.sty
Package: pdflscape 2008/08/11 v0.10 Display of landscape pages in PDF (HO)

(/usr/share/texlive/texmf-dist/tex/latex/graphics/lscape.sty
Package: lscape 2000/10/22 v3.01 Landscape Pages (DPC)
)
Package pdflscape Info: Auto-detected driver: pdftex on input line 80.

(/usr/share/texlive/texmf-dist/tex/generic/ifxetex/ifxetex.sty
Package: ifxetex 2010/09/12 v0.6 Provides ifxetex conditional
)) [1

{/var/lib/texmf/fonts/map/pdftex/updmap/pdftex.map}] [1] (./Yoann_Masson_Report
.toc)
\tf@toc=\write3
\openout3 = `Yoann_Masson_Report.toc'.


[1

]
LaTeX Font Info:    Try loading font information for OMS+cmr on input line 37.
 (/usr/share/texlive/texmf-dist/tex/latex/base/omscmr.fd
File: omscmr.fd 2014/09/29 v2.5h Standard LaTeX font definitions
)
LaTeX Font Info:    Font shape `OMS/cmr/m/n' in size <12> not available
(Font)              Font shape `OMS/cmsy/m/n' tried instead on input line 37.
 [2

]
Chapter 1.
<plot/Analytic.png, id=24, 481.8pt x 361.35pt>
File: plot/Analytic.png Graphic file (type png)
 <use plot/Analytic.png>
Package pdftex.def Info: plot/Analytic.png used on input line 58.
(pdftex.def)             Requested size: 289.08221pt x 216.81168pt.
 [3

 <./plot/Analytic.png>]
Overfull \hbox (64.07652pt too wide) in paragraph at lines 76--88
 [][] 
 []


Underfull \hbox (badness 10000) in paragraph at lines 73--90

 []

[4] [5]
Chapter 2.
[6

]
Overfull \hbox (71.7654pt too wide) in paragraph at lines 140--149
 [][] 
 []


Underfull \hbox (badness 10000) in paragraph at lines 137--152

 []

[7] [8]
Chapter 3.

Overfull \hbox (21.52826pt too wide) detected at line 173
\OML/cmm/m/it/12 f[] \OT1/cmr/m/n/12 = \OML/cmm/m/it/12 Cf[] \OMS/cmsy/m/n/12 ^
^@ \OML/cmm/m/it/12 C\OT1/cmr/m/n/12 2\OML/cmm/m/it/12 f[] \OT1/cmr/m/n/12 + \O
ML/cmm/m/it/12 Cf[]\OT1/cmr/m/n/12 ) + \OML/cmm/m/it/12 f[][]C \OT1/cmr/m/n/12 
= 2\OML/cmm/m/it/12 D[]
 []

<plot/Richardson.png, id=49, 481.8pt x 361.35pt>
File: plot/Richardson.png Graphic file (type png)
 <use plot/Richardson.png>
Package pdftex.def Info: plot/Richardson.png used on input line 177.
(pdftex.def)             Requested size: 289.08221pt x 216.81168pt.

[9

]
Overfull \hbox (21.57413pt too wide) in paragraph at lines 190--198
 [][] 
 []

[10 <./plot/Richardson.png>] [11]
Chapter 4.
<plot/ClassDiagram.png, id=63, 914.41624pt x 491.8375pt>
File: plot/ClassDiagram.png Graphic file (type png)

<use plot/ClassDiagram.png>
Package pdftex.def Info: plot/ClassDiagram.png used on input line 208.
(pdftex.def)             Requested size: 457.207pt x 245.91814pt.

Overfull \hbox (67.207pt too wide) in paragraph at lines 208--209
 [][] 
 []

[12

 <./plot/ClassDiagram.png>] [13] [14

]
Appendix A.

Overfull \hbox (21.52826pt too wide) detected at line 232
\OML/cmm/m/it/12 f[] \OT1/cmr/m/n/12 = \OML/cmm/m/it/12 Cf[] \OMS/cmsy/m/n/12 ^
^@ \OML/cmm/m/it/12 C\OT1/cmr/m/n/12 2\OML/cmm/m/it/12 f[] \OT1/cmr/m/n/12 + \O
ML/cmm/m/it/12 Cf[]\OT1/cmr/m/n/12 ) + \OML/cmm/m/it/12 f[][]C \OT1/cmr/m/n/12 
= 2\OML/cmm/m/it/12 D[]
 []

[15


]
Overfull \hbox (74.18655pt too wide) detected at line 281
\OMS/cmsy/m/n/12 ^^@\OML/cmm/m/it/12 Cf[] \OT1/cmr/m/n/12 + (1 + 2\OML/cmm/m/it
/12 C\OT1/cmr/m/n/12 )\OML/cmm/m/it/12 f[] \OMS/cmsy/m/n/12 ^^@ \OML/cmm/m/it/1
2 Cf[] \OT1/cmr/m/n/12 = \OML/cmm/m/it/12 Cf[] \OT1/cmr/m/n/12 + (1 \OMS/cmsy/m
/n/12 ^^@ \OT1/cmr/m/n/12 2\OML/cmm/m/it/12 C\OT1/cmr/m/n/12 )\OML/cmm/m/it/12 
f[] \OT1/cmr/m/n/12 + \OML/cmm/m/it/12 Cf[]
 []

[16]
Appendix B.

Underfull \hbox (badness 10000) in paragraph at lines 312--364

 []

[17

]
Appendix C.
<refman.pdf, id=85, 597.50829pt x 845.0471pt>
File: refman.pdf Graphic file (type pdf)
 <use refman.pdf>
Package pdftex.def Info: refman.pdf used on input line 368.
(pdftex.def)             Requested size: 597.50682pt x 845.04504pt.
File: refman.pdf Graphic file (type pdf)

<use refman.pdf>
Package pdftex.def Info: refman.pdf used on input line 368.
(pdftex.def)             Requested size: 597.50682pt x 845.04504pt.
 <refman.pdf, id=88, page=1, 597.50829pt x 845.0471pt>
File: refman.pdf Graphic file (type pdf)

<use refman.pdf, page 1>
Package pdftex.def Info: refman.pdf, page1 used on input line 368.
(pdftex.def)             Requested size: 597.50682pt x 845.04504pt.
File: refman.pdf Graphic file (type pdf)
 <use refman.pdf, page 1>
Package pdftex.def Info: refman.pdf, page1 used on input line 368.
(pdftex.def)             Requested size: 597.53416pt x 845.08372pt.
 [18

]
File: refman.pdf Graphic file (type pdf)

<use refman.pdf, page 1>
Package pdftex.def Info: refman.pdf, page1 used on input line 368.
(pdftex.def)             Requested size: 597.53416pt x 845.08372pt.
File: refman.pdf Graphic file (type pdf)
 <use refman.pdf, page 1>
Package pdftex.def Info: refman.pdf, page1 used on input line 368.
(pdftex.def)             Requested size: 597.53416pt x 845.08372pt.
File: refman.pdf Graphic file (type pdf)
 <use refman.pdf, page 1>
Package pdftex.def Info: refman.pdf, page1 used on input line 368.
(pdftex.def)             Requested size: 597.53416pt x 845.08372pt.

[19 <./refman.pdf>] <refman.pdf, id=101, page=2, 597.50829pt x 845.0471pt>
File: refman.pdf Graphic file (type pdf)

<use refman.pdf, page 2>
Package pdftex.def Info: refman.pdf, page2 used on input line 368.
(pdftex.def)             Requested size: 597.53416pt x 845.08372pt.
File: refman.pdf Graphic file (type pdf)
 <use refman.pdf, page 2>
Package pdftex.def Info: refman.pdf, page2 used on input line 368.
(pdftex.def)             Requested size: 597.53416pt x 845.08372pt.
File: refman.pdf Graphic file (type pdf)
 <use refman.pdf, page 2>
Package pdftex.def Info: refman.pdf, page2 used on input line 368.
(pdftex.def)             Requested size: 597.53416pt x 845.08372pt.

[20 <./refman.pdf>] <refman.pdf, id=105, page=3, 597.50829pt x 845.0471pt>
File: refman.pdf Graphic file (type pdf)

<use refman.pdf, page 3>
Package pdftex.def Info: refman.pdf, page3 used on input line 368.
(pdftex.def)             Requested size: 597.53416pt x 845.08372pt.
File: refman.pdf Graphic file (type pdf)
 <use refman.pdf, page 3>
Package pdftex.def Info: refman.pdf, page3 used on input line 368.
(pdftex.def)             Requested size: 597.53416pt x 845.08372pt.
File: refman.pdf Graphic file (type pdf)
 <use refman.pdf, page 3>
Package pdftex.def Info: refman.pdf, page3 used on input line 368.
(pdftex.def)             Requested size: 597.53416pt x 845.08372pt.

[21 <./refman.pdf>] <refman.pdf, id=119, page=4, 597.50829pt x 845.0471pt>
File: refman.pdf Graphic file (type pdf)

<use refman.pdf, page 4>
Package pdftex.def Info: refman.pdf, page4 used on input line 368.
(pdftex.def)             Requested size: 597.53416pt x 845.08372pt.
File: refman.pdf Graphic file (type pdf)
 <use refman.pdf, page 4>
Package pdftex.def Info: refman.pdf, page4 used on input line 368.
(pdftex.def)             Requested size: 597.53416pt x 845.08372pt.
File: refman.pdf Graphic file (type pdf)
 <use refman.pdf, page 4>
Package pdftex.def Info: refman.pdf, page4 used on input line 368.
(pdftex.def)             Requested size: 597.53416pt x 845.08372pt.

[22 <./refman.pdf>] <refman.pdf, id=138, page=5, 597.50829pt x 845.0471pt>
File: refman.pdf Graphic file (type pdf)

<use refman.pdf, page 5>
Package pdftex.def Info: refman.pdf, page5 used on input line 368.
(pdftex.def)             Requested size: 597.53416pt x 845.08372pt.
File: refman.pdf Graphic file (type pdf)
 <use refman.pdf, page 5>
Package pdftex.def Info: refman.pdf, page5 used on input line 368.
(pdftex.def)             Requested size: 597.53416pt x 845.08372pt.
File: refman.pdf Graphic file (type pdf)
 <use refman.pdf, page 5>
Package pdftex.def Info: refman.pdf, page5 used on input line 368.
(pdftex.def)             Requested size: 597.53416pt x 845.08372pt.

[23 <./refman.pdf>] <refman.pdf, id=143, page=6, 597.50829pt x 845.0471pt>
File: refman.pdf Graphic file (type pdf)

<use refman.pdf, page 6>
Package pdftex.def Info: refman.pdf, page6 used on input line 368.
(pdftex.def)             Requested size: 597.53416pt x 845.08372pt.
File: refman.pdf Graphic file (type pdf)
 <use refman.pdf, page 6>
Package pdftex.def Info: refman.pdf, page6 used on input line 368.
(pdftex.def)             Requested size: 597.53416pt x 845.08372pt.
File: refman.pdf Graphic file (type pdf)
 <use refman.pdf, page 6>
Package pdftex.def Info: refman.pdf, page6 used on input line 368.
(pdftex.def)             Requested size: 597.53416pt x 845.08372pt.

[24 <./refman.pdf>] <refman.pdf, id=147, page=7, 597.50829pt x 845.0471pt>
File: refman.pdf Graphic file (type pdf)

<use refman.pdf, page 7>
Package pdftex.def Info: refman.pdf, page7 used on input line 368.
(pdftex.def)             Requested size: 597.53416pt x 845.08372pt.
File: refman.pdf Graphic file (type pdf)
 <use refman.pdf, page 7>
Package pdftex.def Info: refman.pdf, page7 used on input line 368.
(pdftex.def)             Requested size: 597.53416pt x 845.08372pt.
File: refman.pdf Graphic file (type pdf)
 <use refman.pdf, page 7>
Package pdftex.def Info: refman.pdf, page7 used on input line 368.
(pdftex.def)             Requested size: 597.53416pt x 845.08372pt.

[25 <./refman.pdf>] <refman.pdf, id=151, page=8, 597.50829pt x 845.0471pt>
File: refman.pdf Graphic file (type pdf)

<use refman.pdf, page 8>
Package pdftex.def Info: refman.pdf, page8 used on input line 368.
(pdftex.def)             Requested size: 597.53416pt x 845.08372pt.
File: refman.pdf Graphic file (type pdf)
 <use refman.pdf, page 8>
Package pdftex.def Info: refman.pdf, page8 used on input line 368.
(pdftex.def)             Requested size: 597.53416pt x 845.08372pt.
File: refman.pdf Graphic file (type pdf)
 <use refman.pdf, page 8>
Package pdftex.def Info: refman.pdf, page8 used on input line 368.
(pdftex.def)             Requested size: 597.53416pt x 845.08372pt.

[26 <./refman.pdf>] <refman.pdf, id=155, page=9, 597.50829pt x 845.0471pt>
File: refman.pdf Graphic file (type pdf)

<use refman.pdf, page 9>
Package pdftex.def Info: refman.pdf, page9 used on input line 368.
(pdftex.def)             Requested size: 597.53416pt x 845.08372pt.
File: refman.pdf Graphic file (type pdf)
 <use refman.pdf, page 9>
Package pdftex.def Info: refman.pdf, page9 used on input line 368.
(pdftex.def)             Requested size: 597.53416pt x 845.08372pt.
File: refman.pdf Graphic file (type pdf)
 <use refman.pdf, page 9>
Package pdftex.def Info: refman.pdf, page9 used on input line 368.
(pdftex.def)             Requested size: 597.53416pt x 845.08372pt.

[27 <./refman.pdf>] <refman.pdf, id=159, page=10, 597.50829pt x 845.0471pt>
File: refman.pdf Graphic file (type pdf)

<use refman.pdf, page 10>
Package pdftex.def Info: refman.pdf, page10 used on input line 368.
(pdftex.def)             Requested size: 597.53416pt x 845.08372pt.
File: refman.pdf Graphic file (type pdf)
 <use refman.pdf, page 10>
Package pdftex.def Info: refman.pdf, page10 used on input line 368.
(pdftex.def)             Requested size: 597.53416pt x 845.08372pt.
File: refman.pdf Graphic file (type pdf)
 <use refman.pdf, page 10>
Package pdftex.def Info: refman.pdf, page10 used on input line 368.
(pdftex.def)             Requested size: 597.53416pt x 845.08372pt.

[28 <./refman.pdf>] <refman.pdf, id=163, page=11, 597.50829pt x 845.0471pt>
File: refman.pdf Graphic file (type pdf)

<use refman.pdf, page 11>
Package pdftex.def Info: refman.pdf, page11 used on input line 368.
(pdftex.def)             Requested size: 597.53416pt x 845.08372pt.
File: refman.pdf Graphic file (type pdf)
 <use refman.pdf, page 11>
Package pdftex.def Info: refman.pdf, page11 used on input line 368.
(pdftex.def)             Requested size: 597.53416pt x 845.08372pt.
File: refman.pdf Graphic file (type pdf)
 <use refman.pdf, page 11>
Package pdftex.def Info: refman.pdf, page11 used on input line 368.
(pdftex.def)             Requested size: 597.53416pt x 845.08372pt.

[29 <./refman.pdf>] <refman.pdf, id=179, page=12, 597.50829pt x 845.0471pt>
File: refman.pdf Graphic file (type pdf)

<use refman.pdf, page 12>
Package pdftex.def Info: refman.pdf, page12 used on input line 368.
(pdftex.def)             Requested size: 597.53416pt x 845.08372pt.
File: refman.pdf Graphic file (type pdf)
 <use refman.pdf, page 12>
Package pdftex.def Info: refman.pdf, page12 used on input line 368.
(pdftex.def)             Requested size: 597.53416pt x 845.08372pt.
File: refman.pdf Graphic file (type pdf)
 <use refman.pdf, page 12>
Package pdftex.def Info: refman.pdf, page12 used on input line 368.
(pdftex.def)             Requested size: 597.53416pt x 845.08372pt.

[30 <./refman.pdf>] <refman.pdf, id=188, page=13, 597.50829pt x 845.0471pt>
File: refman.pdf Graphic file (type pdf)

<use refman.pdf, page 13>
Package pdftex.def Info: refman.pdf, page13 used on input line 368.
(pdftex.def)             Requested size: 597.53416pt x 845.08372pt.
File: refman.pdf Graphic file (type pdf)
 <use refman.pdf, page 13>
Package pdftex.def Info: refman.pdf, page13 used on input line 368.
(pdftex.def)             Requested size: 597.53416pt x 845.08372pt.
File: refman.pdf Graphic file (type pdf)
 <use refman.pdf, page 13>
Package pdftex.def Info: refman.pdf, page13 used on input line 368.
(pdftex.def)             Requested size: 597.53416pt x 845.08372pt.

[31 <./refman.pdf>] <refman.pdf, id=198, page=14, 597.50829pt x 845.0471pt>
File: refman.pdf Graphic file (type pdf)

<use refman.pdf, page 14>
Package pdftex.def Info: refman.pdf, page14 used on input line 368.
(pdftex.def)             Requested size: 597.53416pt x 845.08372pt.
File: refman.pdf Graphic file (type pdf)
 <use refman.pdf, page 14>
Package pdftex.def Info: refman.pdf, page14 used on input line 368.
(pdftex.def)             Requested size: 597.53416pt x 845.08372pt.
File: refman.pdf Graphic file (type pdf)
 <use refman.pdf, page 14>
Package pdftex.def Info: refman.pdf, page14 used on input line 368.
(pdftex.def)             Requested size: 597.53416pt x 845.08372pt.

[32 <./refman.pdf>] <refman.pdf, id=209, page=15, 597.50829pt x 845.0471pt>
File: refman.pdf Graphic file (type pdf)

<use refman.pdf, page 15>
Package pdftex.def Info: refman.pdf, page15 used on input line 368.
(pdftex.def)             Requested size: 597.53416pt x 845.08372pt.
File: refman.pdf Graphic file (type pdf)
 <use refman.pdf, page 15>
Package pdftex.def Info: refman.pdf, page15 used on input line 368.
(pdftex.def)             Requested size: 597.53416pt x 845.08372pt.
File: refman.pdf Graphic file (type pdf)
 <use refman.pdf, page 15>
Package pdftex.def Info: refman.pdf, page15 used on input line 368.
(pdftex.def)             Requested size: 597.53416pt x 845.08372pt.

[33 <./refman.pdf>] <refman.pdf, id=213, page=16, 597.50829pt x 845.0471pt>
File: refman.pdf Graphic file (type pdf)

<use refman.pdf, page 16>
Package pdftex.def Info: refman.pdf, page16 used on input line 368.
(pdftex.def)             Requested size: 597.53416pt x 845.08372pt.
File: refman.pdf Graphic file (type pdf)
 <use refman.pdf, page 16>
Package pdftex.def Info: refman.pdf, page16 used on input line 368.
(pdftex.def)             Requested size: 597.53416pt x 845.08372pt.
File: refman.pdf Graphic file (type pdf)
 <use refman.pdf, page 16>
Package pdftex.def Info: refman.pdf, page16 used on input line 368.
(pdftex.def)             Requested size: 597.53416pt x 845.08372pt.

[34 <./refman.pdf>] <refman.pdf, id=223, page=17, 597.50829pt x 845.0471pt>
File: refman.pdf Graphic file (type pdf)

<use refman.pdf, page 17>
Package pdftex.def Info: refman.pdf, page17 used on input line 368.
(pdftex.def)             Requested size: 597.53416pt x 845.08372pt.
File: refman.pdf Graphic file (type pdf)
 <use refman.pdf, page 17>
Package pdftex.def Info: refman.pdf, page17 used on input line 368.
(pdftex.def)             Requested size: 597.53416pt x 845.08372pt.
File: refman.pdf Graphic file (type pdf)
 <use refman.pdf, page 17>
Package pdftex.def Info: refman.pdf, page17 used on input line 368.
(pdftex.def)             Requested size: 597.53416pt x 845.08372pt.

[35 <./refman.pdf>] <refman.pdf, id=228, page=18, 597.50829pt x 845.0471pt>
File: refman.pdf Graphic file (type pdf)

<use refman.pdf, page 18>
Package pdftex.def Info: refman.pdf, page18 used on input line 368.
(pdftex.def)             Requested size: 597.53416pt x 845.08372pt.
File: refman.pdf Graphic file (type pdf)
 <use refman.pdf, page 18>
Package pdftex.def Info: refman.pdf, page18 used on input line 368.
(pdftex.def)             Requested size: 597.53416pt x 845.08372pt.
File: refman.pdf Graphic file (type pdf)
 <use refman.pdf, page 18>
Package pdftex.def Info: refman.pdf, page18 used on input line 368.
(pdftex.def)             Requested size: 597.53416pt x 845.08372pt.

[36 <./refman.pdf>] <refman.pdf, id=238, page=19, 597.50829pt x 845.0471pt>
File: refman.pdf Graphic file (type pdf)

<use refman.pdf, page 19>
Package pdftex.def Info: refman.pdf, page19 used on input line 368.
(pdftex.def)             Requested size: 597.53416pt x 845.08372pt.
File: refman.pdf Graphic file (type pdf)
 <use refman.pdf, page 19>
Package pdftex.def Info: refman.pdf, page19 used on input line 368.
(pdftex.def)             Requested size: 597.53416pt x 845.08372pt.
File: refman.pdf Graphic file (type pdf)
 <use refman.pdf, page 19>
Package pdftex.def Info: refman.pdf, page19 used on input line 368.
(pdftex.def)             Requested size: 597.53416pt x 845.08372pt.

[37 <./refman.pdf>] <refman.pdf, id=242, page=20, 597.50829pt x 845.0471pt>
File: refman.pdf Graphic file (type pdf)

<use refman.pdf, page 20>
Package pdftex.def Info: refman.pdf, page20 used on input line 368.
(pdftex.def)             Requested size: 597.53416pt x 845.08372pt.
File: refman.pdf Graphic file (type pdf)
 <use refman.pdf, page 20>
Package pdftex.def Info: refman.pdf, page20 used on input line 368.
(pdftex.def)             Requested size: 597.53416pt x 845.08372pt.
File: refman.pdf Graphic file (type pdf)
 <use refman.pdf, page 20>
Package pdftex.def Info: refman.pdf, page20 used on input line 368.
(pdftex.def)             Requested size: 597.53416pt x 845.08372pt.

[38 <./refman.pdf>] <refman.pdf, id=246, page=21, 597.50829pt x 845.0471pt>
File: refman.pdf Graphic file (type pdf)

<use refman.pdf, page 21>
Package pdftex.def Info: refman.pdf, page21 used on input line 368.
(pdftex.def)             Requested size: 597.53416pt x 845.08372pt.
File: refman.pdf Graphic file (type pdf)
 <use refman.pdf, page 21>
Package pdftex.def Info: refman.pdf, page21 used on input line 368.
(pdftex.def)             Requested size: 597.53416pt x 845.08372pt.
File: refman.pdf Graphic file (type pdf)
 <use refman.pdf, page 21>
Package pdftex.def Info: refman.pdf, page21 used on input line 368.
(pdftex.def)             Requested size: 597.53416pt x 845.08372pt.

[39 <./refman.pdf>] <refman.pdf, id=255, page=22, 597.50829pt x 845.0471pt>
File: refman.pdf Graphic file (type pdf)

<use refman.pdf, page 22>
Package pdftex.def Info: refman.pdf, page22 used on input line 368.
(pdftex.def)             Requested size: 597.53416pt x 845.08372pt.
File: refman.pdf Graphic file (type pdf)
 <use refman.pdf, page 22>
Package pdftex.def Info: refman.pdf, page22 used on input line 368.
(pdftex.def)             Requested size: 597.53416pt x 845.08372pt.
File: refman.pdf Graphic file (type pdf)
 <use refman.pdf, page 22>
Package pdftex.def Info: refman.pdf, page22 used on input line 368.
(pdftex.def)             Requested size: 597.53416pt x 845.08372pt.

[40 <./refman.pdf>] <refman.pdf, id=259, page=23, 597.50829pt x 845.0471pt>
File: refman.pdf Graphic file (type pdf)

<use refman.pdf, page 23>
Package pdftex.def Info: refman.pdf, page23 used on input line 368.
(pdftex.def)             Requested size: 597.53416pt x 845.08372pt.
File: refman.pdf Graphic file (type pdf)
 <use refman.pdf, page 23>
Package pdftex.def Info: refman.pdf, page23 used on input line 368.
(pdftex.def)             Requested size: 597.53416pt x 845.08372pt.
File: refman.pdf Graphic file (type pdf)
 <use refman.pdf, page 23>
Package pdftex.def Info: refman.pdf, page23 used on input line 368.
(pdftex.def)             Requested size: 597.53416pt x 845.08372pt.

[41 <./refman.pdf>] <refman.pdf, id=264, page=24, 597.50829pt x 845.0471pt>
File: refman.pdf Graphic file (type pdf)

<use refman.pdf, page 24>
Package pdftex.def Info: refman.pdf, page24 used on input line 368.
(pdftex.def)             Requested size: 597.53416pt x 845.08372pt.
File: refman.pdf Graphic file (type pdf)
 <use refman.pdf, page 24>
Package pdftex.def Info: refman.pdf, page24 used on input line 368.
(pdftex.def)             Requested size: 597.53416pt x 845.08372pt.
File: refman.pdf Graphic file (type pdf)
 <use refman.pdf, page 24>
Package pdftex.def Info: refman.pdf, page24 used on input line 368.
(pdftex.def)             Requested size: 597.53416pt x 845.08372pt.

[42 <./refman.pdf>] <refman.pdf, id=273, page=25, 597.50829pt x 845.0471pt>
File: refman.pdf Graphic file (type pdf)

<use refman.pdf, page 25>
Package pdftex.def Info: refman.pdf, page25 used on input line 368.
(pdftex.def)             Requested size: 597.53416pt x 845.08372pt.
File: refman.pdf Graphic file (type pdf)
 <use refman.pdf, page 25>
Package pdftex.def Info: refman.pdf, page25 used on input line 368.
(pdftex.def)             Requested size: 597.53416pt x 845.08372pt.
File: refman.pdf Graphic file (type pdf)
 <use refman.pdf, page 25>
Package pdftex.def Info: refman.pdf, page25 used on input line 368.
(pdftex.def)             Requested size: 597.53416pt x 845.08372pt.

[43 <./refman.pdf>] <refman.pdf, id=277, page=26, 597.50829pt x 845.0471pt>
File: refman.pdf Graphic file (type pdf)

<use refman.pdf, page 26>
Package pdftex.def Info: refman.pdf, page26 used on input line 368.
(pdftex.def)             Requested size: 597.53416pt x 845.08372pt.
File: refman.pdf Graphic file (type pdf)
 <use refman.pdf, page 26>
Package pdftex.def Info: refman.pdf, page26 used on input line 368.
(pdftex.def)             Requested size: 597.53416pt x 845.08372pt.
File: refman.pdf Graphic file (type pdf)
 <use refman.pdf, page 26>
Package pdftex.def Info: refman.pdf, page26 used on input line 368.
(pdftex.def)             Requested size: 597.53416pt x 845.08372pt.

[44 <./refman.pdf>] <refman.pdf, id=281, page=27, 597.50829pt x 845.0471pt>
File: refman.pdf Graphic file (type pdf)

<use refman.pdf, page 27>
Package pdftex.def Info: refman.pdf, page27 used on input line 368.
(pdftex.def)             Requested size: 597.53416pt x 845.08372pt.
File: refman.pdf Graphic file (type pdf)
 <use refman.pdf, page 27>
Package pdftex.def Info: refman.pdf, page27 used on input line 368.
(pdftex.def)             Requested size: 597.53416pt x 845.08372pt.
File: refman.pdf Graphic file (type pdf)
 <use refman.pdf, page 27>
Package pdftex.def Info: refman.pdf, page27 used on input line 368.
(pdftex.def)             Requested size: 597.53416pt x 845.08372pt.

[45 <./refman.pdf>] <refman.pdf, id=291, page=28, 597.50829pt x 845.0471pt>
File: refman.pdf Graphic file (type pdf)

<use refman.pdf, page 28>
Package pdftex.def Info: refman.pdf, page28 used on input line 368.
(pdftex.def)             Requested size: 597.53416pt x 845.08372pt.
File: refman.pdf Graphic file (type pdf)
 <use refman.pdf, page 28>
Package pdftex.def Info: refman.pdf, page28 used on input line 368.
(pdftex.def)             Requested size: 597.53416pt x 845.08372pt.
File: refman.pdf Graphic file (type pdf)
 <use refman.pdf, page 28>
Package pdftex.def Info: refman.pdf, page28 used on input line 368.
(pdftex.def)             Requested size: 597.53416pt x 845.08372pt.

[46 <./refman.pdf>] <refman.pdf, id=301, page=29, 597.50829pt x 845.0471pt>
File: refman.pdf Graphic file (type pdf)

<use refman.pdf, page 29>
Package pdftex.def Info: refman.pdf, page29 used on input line 368.
(pdftex.def)             Requested size: 597.53416pt x 845.08372pt.
File: refman.pdf Graphic file (type pdf)
 <use refman.pdf, page 29>
Package pdftex.def Info: refman.pdf, page29 used on input line 368.
(pdftex.def)             Requested size: 597.53416pt x 845.08372pt.
File: refman.pdf Graphic file (type pdf)
 <use refman.pdf, page 29>
Package pdftex.def Info: refman.pdf, page29 used on input line 368.
(pdftex.def)             Requested size: 597.53416pt x 845.08372pt.

[47 <./refman.pdf>] <refman.pdf, id=306, page=30, 597.50829pt x 845.0471pt>
File: refman.pdf Graphic file (type pdf)

<use refman.pdf, page 30>
Package pdftex.def Info: refman.pdf, page30 used on input line 368.
(pdftex.def)             Requested size: 597.53416pt x 845.08372pt.
File: refman.pdf Graphic file (type pdf)
 <use refman.pdf, page 30>
Package pdftex.def Info: refman.pdf, page30 used on input line 368.
(pdftex.def)             Requested size: 597.53416pt x 845.08372pt.
File: refman.pdf Graphic file (type pdf)
 <use refman.pdf, page 30>
Package pdftex.def Info: refman.pdf, page30 used on input line 368.
(pdftex.def)             Requested size: 597.53416pt x 845.08372pt.

[48 <./refman.pdf>] <refman.pdf, id=310, page=31, 597.50829pt x 845.0471pt>
File: refman.pdf Graphic file (type pdf)

<use refman.pdf, page 31>
Package pdftex.def Info: refman.pdf, page31 used on input line 368.
(pdftex.def)             Requested size: 597.53416pt x 845.08372pt.
File: refman.pdf Graphic file (type pdf)
 <use refman.pdf, page 31>
Package pdftex.def Info: refman.pdf, page31 used on input line 368.
(pdftex.def)             Requested size: 597.53416pt x 845.08372pt.
File: refman.pdf Graphic file (type pdf)
 <use refman.pdf, page 31>
Package pdftex.def Info: refman.pdf, page31 used on input line 368.
(pdftex.def)             Requested size: 597.53416pt x 845.08372pt.

[49 <./refman.pdf>] <refman.pdf, id=314, page=32, 597.50829pt x 845.0471pt>
File: refman.pdf Graphic file (type pdf)

<use refman.pdf, page 32>
Package pdftex.def Info: refman.pdf, page32 used on input line 368.
(pdftex.def)             Requested size: 597.53416pt x 845.08372pt.
File: refman.pdf Graphic file (type pdf)
 <use refman.pdf, page 32>
Package pdftex.def Info: refman.pdf, page32 used on input line 368.
(pdftex.def)             Requested size: 597.53416pt x 845.08372pt.
File: refman.pdf Graphic file (type pdf)
 <use refman.pdf, page 32>
Package pdftex.def Info: refman.pdf, page32 used on input line 368.
(pdftex.def)             Requested size: 597.53416pt x 845.08372pt.

[50 <./refman.pdf>] <refman.pdf, id=318, page=33, 597.50829pt x 845.0471pt>
File: refman.pdf Graphic file (type pdf)

<use refman.pdf, page 33>
Package pdftex.def Info: refman.pdf, page33 used on input line 368.
(pdftex.def)             Requested size: 597.53416pt x 845.08372pt.
File: refman.pdf Graphic file (type pdf)
 <use refman.pdf, page 33>
Package pdftex.def Info: refman.pdf, page33 used on input line 368.
(pdftex.def)             Requested size: 597.53416pt x 845.08372pt.
File: refman.pdf Graphic file (type pdf)
 <use refman.pdf, page 33>
Package pdftex.def Info: refman.pdf, page33 used on input line 368.
(pdftex.def)             Requested size: 597.53416pt x 845.08372pt.

[51 <./refman.pdf>] <refman.pdf, id=328, page=34, 597.50829pt x 845.0471pt>
File: refman.pdf Graphic file (type pdf)

<use refman.pdf, page 34>
Package pdftex.def Info: refman.pdf, page34 used on input line 368.
(pdftex.def)             Requested size: 597.53416pt x 845.08372pt.
File: refman.pdf Graphic file (type pdf)
 <use refman.pdf, page 34>
Package pdftex.def Info: refman.pdf, page34 used on input line 368.
(pdftex.def)             Requested size: 597.53416pt x 845.08372pt.
File: refman.pdf Graphic file (type pdf)
 <use refman.pdf, page 34>
Package pdftex.def Info: refman.pdf, page34 used on input line 368.
(pdftex.def)             Requested size: 597.53416pt x 845.08372pt.

[52 <./refman.pdf>] <refman.pdf, id=332, page=35, 597.50829pt x 845.0471pt>
File: refman.pdf Graphic file (type pdf)

<use refman.pdf, page 35>
Package pdftex.def Info: refman.pdf, page35 used on input line 368.
(pdftex.def)             Requested size: 597.53416pt x 845.08372pt.
File: refman.pdf Graphic file (type pdf)
 <use refman.pdf, page 35>
Package pdftex.def Info: refman.pdf, page35 used on input line 368.
(pdftex.def)             Requested size: 597.53416pt x 845.08372pt.
File: refman.pdf Graphic file (type pdf)
 <use refman.pdf, page 35>
Package pdftex.def Info: refman.pdf, page35 used on input line 368.
(pdftex.def)             Requested size: 597.53416pt x 845.08372pt.

[53 <./refman.pdf>] <refman.pdf, id=337, page=36, 597.50829pt x 845.0471pt>
File: refman.pdf Graphic file (type pdf)

<use refman.pdf, page 36>
Package pdftex.def Info: refman.pdf, page36 used on input line 368.
(pdftex.def)             Requested size: 597.53416pt x 845.08372pt.
File: refman.pdf Graphic file (type pdf)
 <use refman.pdf, page 36>
Package pdftex.def Info: refman.pdf, page36 used on input line 368.
(pdftex.def)             Requested size: 597.53416pt x 845.08372pt.
File: refman.pdf Graphic file (type pdf)
 <use refman.pdf, page 36>
Package pdftex.def Info: refman.pdf, page36 used on input line 368.
(pdftex.def)             Requested size: 597.53416pt x 845.08372pt.

[54 <./refman.pdf>] <refman.pdf, id=341, page=37, 597.50829pt x 845.0471pt>
File: refman.pdf Graphic file (type pdf)

<use refman.pdf, page 37>
Package pdftex.def Info: refman.pdf, page37 used on input line 368.
(pdftex.def)             Requested size: 597.53416pt x 845.08372pt.
File: refman.pdf Graphic file (type pdf)
 <use refman.pdf, page 37>
Package pdftex.def Info: refman.pdf, page37 used on input line 368.
(pdftex.def)             Requested size: 597.53416pt x 845.08372pt.
File: refman.pdf Graphic file (type pdf)
 <use refman.pdf, page 37>
Package pdftex.def Info: refman.pdf, page37 used on input line 368.
(pdftex.def)             Requested size: 597.53416pt x 845.08372pt.

[55 <./refman.pdf>] <refman.pdf, id=345, page=38, 597.50829pt x 845.0471pt>
File: refman.pdf Graphic file (type pdf)

<use refman.pdf, page 38>
Package pdftex.def Info: refman.pdf, page38 used on input line 368.
(pdftex.def)             Requested size: 597.53416pt x 845.08372pt.
File: refman.pdf Graphic file (type pdf)
 <use refman.pdf, page 38>
Package pdftex.def Info: refman.pdf, page38 used on input line 368.
(pdftex.def)             Requested size: 597.53416pt x 845.08372pt.
File: refman.pdf Graphic file (type pdf)
 <use refman.pdf, page 38>
Package pdftex.def Info: refman.pdf, page38 used on input line 368.
(pdftex.def)             Requested size: 597.53416pt x 845.08372pt.

[56 <./refman.pdf>] <refman.pdf, id=349, page=39, 597.50829pt x 845.0471pt>
File: refman.pdf Graphic file (type pdf)

<use refman.pdf, page 39>
Package pdftex.def Info: refman.pdf, page39 used on input line 368.
(pdftex.def)             Requested size: 597.53416pt x 845.08372pt.
File: refman.pdf Graphic file (type pdf)
 <use refman.pdf, page 39>
Package pdftex.def Info: refman.pdf, page39 used on input line 368.
(pdftex.def)             Requested size: 597.53416pt x 845.08372pt.
File: refman.pdf Graphic file (type pdf)
 <use refman.pdf, page 39>
Package pdftex.def Info: refman.pdf, page39 used on input line 368.
(pdftex.def)             Requested size: 597.53416pt x 845.08372pt.

[57 <./refman.pdf>] <refman.pdf, id=353, page=40, 597.50829pt x 845.0471pt>
File: refman.pdf Graphic file (type pdf)

<use refman.pdf, page 40>
Package pdftex.def Info: refman.pdf, page40 used on input line 368.
(pdftex.def)             Requested size: 597.53416pt x 845.08372pt.
File: refman.pdf Graphic file (type pdf)
 <use refman.pdf, page 40>
Package pdftex.def Info: refman.pdf, page40 used on input line 368.
(pdftex.def)             Requested size: 597.53416pt x 845.08372pt.
File: refman.pdf Graphic file (type pdf)
 <use refman.pdf, page 40>
Package pdftex.def Info: refman.pdf, page40 used on input line 368.
(pdftex.def)             Requested size: 597.53416pt x 845.08372pt.

[58 <./refman.pdf>] <refman.pdf, id=357, page=41, 597.50829pt x 845.0471pt>
File: refman.pdf Graphic file (type pdf)

<use refman.pdf, page 41>
Package pdftex.def Info: refman.pdf, page41 used on input line 368.
(pdftex.def)             Requested size: 597.53416pt x 845.08372pt.
File: refman.pdf Graphic file (type pdf)
 <use refman.pdf, page 41>
Package pdftex.def Info: refman.pdf, page41 used on input line 368.
(pdftex.def)             Requested size: 597.53416pt x 845.08372pt.
File: refman.pdf Graphic file (type pdf)
 <use refman.pdf, page 41>
Package pdftex.def Info: refman.pdf, page41 used on input line 368.
(pdftex.def)             Requested size: 597.53416pt x 845.08372pt.

[59 <./refman.pdf>] <refman.pdf, id=362, page=42, 597.50829pt x 845.0471pt>
File: refman.pdf Graphic file (type pdf)

<use refman.pdf, page 42>
Package pdftex.def Info: refman.pdf, page42 used on input line 368.
(pdftex.def)             Requested size: 597.53416pt x 845.08372pt.
File: refman.pdf Graphic file (type pdf)
 <use refman.pdf, page 42>
Package pdftex.def Info: refman.pdf, page42 used on input line 368.
(pdftex.def)             Requested size: 597.53416pt x 845.08372pt.
File: refman.pdf Graphic file (type pdf)
 <use refman.pdf, page 42>
Package pdftex.def Info: refman.pdf, page42 used on input line 368.
(pdftex.def)             Requested size: 597.53416pt x 845.08372pt.

[60 <./refman.pdf>] (./Yoann_Masson_Report.aux) ) 
Here is how much of TeX's memory you used:
 3780 strings out of 494910
 53146 string characters out of 6179836
 122977 words of memory out of 5000000
 7002 multiletter control sequences out of 15000+600000
 10938 words of font info for 39 fonts, out of 8000000 for 9000
 36 hyphenation exceptions out of 8191
 40i,18n,46p,965b,428s stack positions out of 5000i,500n,10000p,200000b,80000s
</usr/share/texlive/texmf-dist
/fonts/type1/public/amsfonts/cm/cmbx12.pfb></usr/share/texlive/texmf-dist/fonts
/type1/public/amsfonts/cm/cmbxti10.pfb></usr/share/texlive/texmf-dist/fonts/typ
e1/public/amsfonts/cm/cmex10.pfb></usr/share/texlive/texmf-dist/fonts/type1/pub
lic/amsfonts/cm/cmmi10.pfb></usr/share/texlive/texmf-dist/fonts/type1/public/am
sfonts/cm/cmmi12.pfb></usr/share/texlive/texmf-dist/fonts/type1/public/amsfonts
/cm/cmmi6.pfb></usr/share/texlive/texmf-dist/fonts/type1/public/amsfonts/cm/cmm
i8.pfb></usr/share/texlive/texmf-dist/fonts/type1/public/amsfonts/cm/cmr10.pfb>
</usr/share/texlive/texmf-dist/fonts/type1/public/amsfonts/cm/cmr12.pfb></usr/s
hare/texlive/texmf-dist/fonts/type1/public/amsfonts/cm/cmr17.pfb></usr/share/te
xlive/texmf-dist/fonts/type1/public/amsfonts/cm/cmr6.pfb></usr/share/texlive/te
xmf-dist/fonts/type1/public/amsfonts/cm/cmr8.pfb></usr/share/texlive/texmf-dist
/fonts/type1/public/amsfonts/cm/cmsy10.pfb></usr/share/texlive/texmf-dist/fonts
/type1/public/amsfonts/cm/cmsy6.pfb></usr/share/texlive/texmf-dist/fonts/type1/
public/amsfonts/cm/cmsy8.pfb></usr/share/texlive/texmf-dist/fonts/type1/public/
amsfonts/cm/cmti12.pfb></usr/share/texlive/texmf-dist/fonts/type1/urw/courier/u
crr8a.pfb></usr/share/texlive/texmf-dist/fonts/type1/urw/courier/ucrro8a.pfb></
usr/share/texlive/texmf-dist/fonts/type1/urw/helvetic/uhvb8a.pfb></usr/share/te
xlive/texmf-dist/fonts/type1/urw/helvetic/uhvb8ac.pfb></usr/share/texlive/texmf
-dist/fonts/type1/urw/helvetic/uhvr8a.pfb></usr/share/texlive/texmf-dist/fonts/
type1/urw/helvetic/uhvro8a.pfb>
Output written on Yoann_Masson_Report.pdf (62 pages, 391636 bytes).
PDF statistics:
 421 PDF objects out of 1000 (max. 8388607)
 265 compressed objects within 3 object streams
 0 named destinations out of 1000 (max. 500000)
 241 words of extra memory for PDF output out of 10000 (max. 10000000)

