\BOOKMARK [0][-]{chapter.1}{\376\377\0001\000\040\000H\000i\000e\000r\000a\000r\000c\000h\000i\000c\000a\000l\000\040\000I\000n\000d\000e\000x}{}% 1
\BOOKMARK [1][-]{section.1.1}{\376\377\0001\000.\0001\000\040\000C\000l\000a\000s\000s\000\040\000H\000i\000e\000r\000a\000r\000c\000h\000y}{chapter.1}% 2
\BOOKMARK [0][-]{chapter.2}{\376\377\0002\000\040\000C\000l\000a\000s\000s\000\040\000I\000n\000d\000e\000x}{}% 3
\BOOKMARK [1][-]{section.2.1}{\376\377\0002\000.\0001\000\040\000C\000l\000a\000s\000s\000\040\000L\000i\000s\000t}{chapter.2}% 4
\BOOKMARK [0][-]{chapter.3}{\376\377\0003\000\040\000C\000l\000a\000s\000s\000\040\000D\000o\000c\000u\000m\000e\000n\000t\000a\000t\000i\000o\000n}{}% 5
\BOOKMARK [1][-]{section.3.1}{\376\377\0003\000.\0001\000\040\000A\000n\000a\000l\000y\000t\000i\000c\000\040\000C\000l\000a\000s\000s\000\040\000R\000e\000f\000e\000r\000e\000n\000c\000e}{chapter.3}% 6
\BOOKMARK [2][-]{subsection.3.1.1}{\376\377\0003\000.\0001\000.\0001\000\040\000C\000o\000n\000s\000t\000r\000u\000c\000t\000o\000r\000\040\000\046\000\040\000D\000e\000s\000t\000r\000u\000c\000t\000o\000r\000\040\000D\000o\000c\000u\000m\000e\000n\000t\000a\000t\000i\000o\000n}{section.3.1}% 7
\BOOKMARK [3][-]{subsubsection.3.1.1.1}{\376\377\0003\000.\0001\000.\0001\000.\0001\000\040\000A\000n\000a\000l\000y\000t\000i\000c\000\050\000\051}{subsection.3.1.1}% 8
\BOOKMARK [2][-]{subsection.3.1.2}{\376\377\0003\000.\0001\000.\0002\000\040\000M\000e\000m\000b\000e\000r\000\040\000F\000u\000n\000c\000t\000i\000o\000n\000\040\000D\000o\000c\000u\000m\000e\000n\000t\000a\000t\000i\000o\000n}{section.3.1}% 9
\BOOKMARK [3][-]{subsubsection.3.1.2.1}{\376\377\0003\000.\0001\000.\0002\000.\0001\000\040\000c\000o\000m\000p\000u\000t\000e\000S\000o\000l\000u\000t\000i\000o\000n\000\050\000\051}{subsection.3.1.2}% 10
\BOOKMARK [1][-]{section.3.2}{\376\377\0003\000.\0002\000\040\000C\000r\000a\000n\000k\000N\000i\000c\000o\000l\000s\000o\000n\000\040\000C\000l\000a\000s\000s\000\040\000R\000e\000f\000e\000r\000e\000n\000c\000e}{chapter.3}% 11
\BOOKMARK [2][-]{subsection.3.2.1}{\376\377\0003\000.\0002\000.\0001\000\040\000C\000o\000n\000s\000t\000r\000u\000c\000t\000o\000r\000\040\000\046\000\040\000D\000e\000s\000t\000r\000u\000c\000t\000o\000r\000\040\000D\000o\000c\000u\000m\000e\000n\000t\000a\000t\000i\000o\000n}{section.3.2}% 12
\BOOKMARK [3][-]{subsubsection.3.2.1.1}{\376\377\0003\000.\0002\000.\0001\000.\0001\000\040\000C\000r\000a\000n\000k\000N\000i\000c\000o\000l\000s\000o\000n\000\050\000\051}{subsection.3.2.1}% 13
\BOOKMARK [2][-]{subsection.3.2.2}{\376\377\0003\000.\0002\000.\0002\000\040\000M\000e\000m\000b\000e\000r\000\040\000F\000u\000n\000c\000t\000i\000o\000n\000\040\000D\000o\000c\000u\000m\000e\000n\000t\000a\000t\000i\000o\000n}{section.3.2}% 14
\BOOKMARK [3][-]{subsubsection.3.2.2.1}{\376\377\0003\000.\0002\000.\0002\000.\0001\000\040\000c\000o\000m\000p\000u\000t\000e\000S\000o\000l\000u\000t\000i\000o\000n\000\050\000\051}{subsection.3.2.2}% 15
\BOOKMARK [1][-]{section.3.3}{\376\377\0003\000.\0003\000\040\000D\000u\000f\000o\000r\000t\000F\000r\000a\000n\000k\000e\000l\000\040\000C\000l\000a\000s\000s\000\040\000R\000e\000f\000e\000r\000e\000n\000c\000e}{chapter.3}% 16
\BOOKMARK [2][-]{subsection.3.3.1}{\376\377\0003\000.\0003\000.\0001\000\040\000C\000o\000n\000s\000t\000r\000u\000c\000t\000o\000r\000\040\000\046\000\040\000D\000e\000s\000t\000r\000u\000c\000t\000o\000r\000\040\000D\000o\000c\000u\000m\000e\000n\000t\000a\000t\000i\000o\000n}{section.3.3}% 17
\BOOKMARK [3][-]{subsubsection.3.3.1.1}{\376\377\0003\000.\0003\000.\0001\000.\0001\000\040\000D\000u\000f\000o\000r\000t\000F\000r\000a\000n\000k\000e\000l\000\050\000\051}{subsection.3.3.1}% 18
\BOOKMARK [2][-]{subsection.3.3.2}{\376\377\0003\000.\0003\000.\0002\000\040\000M\000e\000m\000b\000e\000r\000\040\000F\000u\000n\000c\000t\000i\000o\000n\000\040\000D\000o\000c\000u\000m\000e\000n\000t\000a\000t\000i\000o\000n}{section.3.3}% 19
\BOOKMARK [3][-]{subsubsection.3.3.2.1}{\376\377\0003\000.\0003\000.\0002\000.\0001\000\040\000c\000o\000m\000p\000u\000t\000e\000S\000o\000l\000u\000t\000i\000o\000n\000\050\000\051}{subsection.3.3.2}% 20
\BOOKMARK [1][-]{section.3.4}{\376\377\0003\000.\0004\000\040\000L\000a\000a\000s\000o\000n\000e\000n\000\040\000C\000l\000a\000s\000s\000\040\000R\000e\000f\000e\000r\000e\000n\000c\000e}{chapter.3}% 21
\BOOKMARK [2][-]{subsection.3.4.1}{\376\377\0003\000.\0004\000.\0001\000\040\000C\000o\000n\000s\000t\000r\000u\000c\000t\000o\000r\000\040\000\046\000\040\000D\000e\000s\000t\000r\000u\000c\000t\000o\000r\000\040\000D\000o\000c\000u\000m\000e\000n\000t\000a\000t\000i\000o\000n}{section.3.4}% 22
\BOOKMARK [3][-]{subsubsection.3.4.1.1}{\376\377\0003\000.\0004\000.\0001\000.\0001\000\040\000L\000a\000a\000s\000o\000n\000e\000n\000\050\000\051}{subsection.3.4.1}% 23
\BOOKMARK [2][-]{subsection.3.4.2}{\376\377\0003\000.\0004\000.\0002\000\040\000M\000e\000m\000b\000e\000r\000\040\000F\000u\000n\000c\000t\000i\000o\000n\000\040\000D\000o\000c\000u\000m\000e\000n\000t\000a\000t\000i\000o\000n}{section.3.4}% 24
\BOOKMARK [3][-]{subsubsection.3.4.2.1}{\376\377\0003\000.\0004\000.\0002\000.\0001\000\040\000c\000o\000m\000p\000u\000t\000e\000S\000o\000l\000u\000t\000i\000o\000n\000\050\000\051}{subsection.3.4.2}% 25
\BOOKMARK [1][-]{section.3.5}{\376\377\0003\000.\0005\000\040\000M\000a\000t\000r\000i\000x\000\040\000C\000l\000a\000s\000s\000\040\000R\000e\000f\000e\000r\000e\000n\000c\000e}{chapter.3}% 26
\BOOKMARK [2][-]{subsection.3.5.1}{\376\377\0003\000.\0005\000.\0001\000\040\000D\000e\000t\000a\000i\000l\000e\000d\000\040\000D\000e\000s\000c\000r\000i\000p\000t\000i\000o\000n}{section.3.5}% 27
\BOOKMARK [2][-]{subsection.3.5.2}{\376\377\0003\000.\0005\000.\0002\000\040\000C\000o\000n\000s\000t\000r\000u\000c\000t\000o\000r\000\040\000\046\000\040\000D\000e\000s\000t\000r\000u\000c\000t\000o\000r\000\040\000D\000o\000c\000u\000m\000e\000n\000t\000a\000t\000i\000o\000n}{section.3.5}% 28
\BOOKMARK [3][-]{subsubsection.3.5.2.1}{\376\377\0003\000.\0005\000.\0002\000.\0001\000\040\000M\000a\000t\000r\000i\000x\000\050\000\051\000\040\000[\0001\000/\0003\000]}{subsection.3.5.2}% 29
\BOOKMARK [3][-]{subsubsection.3.5.2.2}{\376\377\0003\000.\0005\000.\0002\000.\0002\000\040\000M\000a\000t\000r\000i\000x\000\050\000\051\000\040\000[\0002\000/\0003\000]}{subsection.3.5.2}% 30
\BOOKMARK [3][-]{subsubsection.3.5.2.3}{\376\377\0003\000.\0005\000.\0002\000.\0003\000\040\000M\000a\000t\000r\000i\000x\000\050\000\051\000\040\000[\0003\000/\0003\000]}{subsection.3.5.2}% 31
\BOOKMARK [2][-]{subsection.3.5.3}{\376\377\0003\000.\0005\000.\0003\000\040\000M\000e\000m\000b\000e\000r\000\040\000F\000u\000n\000c\000t\000i\000o\000n\000\040\000D\000o\000c\000u\000m\000e\000n\000t\000a\000t\000i\000o\000n}{section.3.5}% 32
\BOOKMARK [3][-]{subsubsection.3.5.3.1}{\376\377\0003\000.\0005\000.\0003\000.\0001\000\040\000g\000e\000t\000N\000c\000o\000l\000s\000\050\000\051}{subsection.3.5.3}% 33
\BOOKMARK [3][-]{subsubsection.3.5.3.2}{\376\377\0003\000.\0005\000.\0003\000.\0002\000\040\000g\000e\000t\000N\000r\000o\000w\000s\000\050\000\051}{subsection.3.5.3}% 34
\BOOKMARK [3][-]{subsubsection.3.5.3.3}{\376\377\0003\000.\0005\000.\0003\000.\0003\000\040\000o\000n\000e\000\137\000n\000o\000r\000m\000\050\000\051}{subsection.3.5.3}% 35
\BOOKMARK [3][-]{subsubsection.3.5.3.4}{\376\377\0003\000.\0005\000.\0003\000.\0004\000\040\000o\000p\000e\000r\000a\000t\000o\000r\000*\000\050\000\051\000\040\000[\0001\000/\0002\000]}{subsection.3.5.3}% 36
\BOOKMARK [3][-]{subsubsection.3.5.3.5}{\376\377\0003\000.\0005\000.\0003\000.\0005\000\040\000o\000p\000e\000r\000a\000t\000o\000r\000*\000\050\000\051\000\040\000[\0002\000/\0002\000]}{subsection.3.5.3}% 37
\BOOKMARK [3][-]{subsubsection.3.5.3.6}{\376\377\0003\000.\0005\000.\0003\000.\0006\000\040\000o\000p\000e\000r\000a\000t\000o\000r\000-\000\050\000\051}{subsection.3.5.3}% 38
\BOOKMARK [3][-]{subsubsection.3.5.3.7}{\376\377\0003\000.\0005\000.\0003\000.\0007\000\040\000o\000p\000e\000r\000a\000t\000o\000r\000=\000\050\000\051}{subsection.3.5.3}% 39
\BOOKMARK [3][-]{subsubsection.3.5.3.8}{\376\377\0003\000.\0005\000.\0003\000.\0008\000\040\000o\000p\000e\000r\000a\000t\000o\000r\000=\000=\000\050\000\051}{subsection.3.5.3}% 40
\BOOKMARK [3][-]{subsubsection.3.5.3.9}{\376\377\0003\000.\0005\000.\0003\000.\0009\000\040\000t\000r\000a\000n\000s\000p\000o\000s\000e\000\050\000\051}{subsection.3.5.3}% 41
\BOOKMARK [3][-]{subsubsection.3.5.3.10}{\376\377\0003\000.\0005\000.\0003\000.\0001\0000\000\040\000t\000w\000o\000\137\000n\000o\000r\000m\000\050\000\051}{subsection.3.5.3}% 42
\BOOKMARK [3][-]{subsubsection.3.5.3.11}{\376\377\0003\000.\0005\000.\0003\000.\0001\0001\000\040\000u\000n\000i\000f\000o\000r\000m\000\137\000n\000o\000r\000m\000\050\000\051}{subsection.3.5.3}% 43
\BOOKMARK [2][-]{subsection.3.5.4}{\376\377\0003\000.\0005\000.\0004\000\040\000F\000r\000i\000e\000n\000d\000s\000\040\000A\000n\000d\000\040\000R\000e\000l\000a\000t\000e\000d\000\040\000F\000u\000n\000c\000t\000i\000o\000n\000\040\000D\000o\000c\000u\000m\000e\000n\000t\000a\000t\000i\000o\000n}{section.3.5}% 44
\BOOKMARK [3][-]{subsubsection.3.5.4.1}{\376\377\0003\000.\0005\000.\0004\000.\0001\000\040\000o\000p\000e\000r\000a\000t\000o\000r\000<\000<\000\040\000[\0001\000/\0002\000]}{subsection.3.5.4}% 45
\BOOKMARK [3][-]{subsubsection.3.5.4.2}{\376\377\0003\000.\0005\000.\0004\000.\0002\000\040\000o\000p\000e\000r\000a\000t\000o\000r\000<\000<\000\040\000[\0002\000/\0002\000]}{subsection.3.5.4}% 46
\BOOKMARK [3][-]{subsubsection.3.5.4.3}{\376\377\0003\000.\0005\000.\0004\000.\0003\000\040\000o\000p\000e\000r\000a\000t\000o\000r\000>\000>\000\040\000[\0001\000/\0002\000]}{subsection.3.5.4}% 47
\BOOKMARK [3][-]{subsubsection.3.5.4.4}{\376\377\0003\000.\0005\000.\0004\000.\0004\000\040\000o\000p\000e\000r\000a\000t\000o\000r\000>\000>\000\040\000[\0002\000/\0002\000]}{subsection.3.5.4}% 48
\BOOKMARK [1][-]{section.3.6}{\376\377\0003\000.\0006\000\040\000R\000i\000c\000h\000a\000r\000d\000s\000o\000n\000\040\000C\000l\000a\000s\000s\000\040\000R\000e\000f\000e\000r\000e\000n\000c\000e}{chapter.3}% 49
\BOOKMARK [2][-]{subsection.3.6.1}{\376\377\0003\000.\0006\000.\0001\000\040\000C\000o\000n\000s\000t\000r\000u\000c\000t\000o\000r\000\040\000\046\000\040\000D\000e\000s\000t\000r\000u\000c\000t\000o\000r\000\040\000D\000o\000c\000u\000m\000e\000n\000t\000a\000t\000i\000o\000n}{section.3.6}% 50
\BOOKMARK [3][-]{subsubsection.3.6.1.1}{\376\377\0003\000.\0006\000.\0001\000.\0001\000\040\000R\000i\000c\000h\000a\000r\000d\000s\000o\000n\000\050\000\051}{subsection.3.6.1}% 51
\BOOKMARK [2][-]{subsection.3.6.2}{\376\377\0003\000.\0006\000.\0002\000\040\000M\000e\000m\000b\000e\000r\000\040\000F\000u\000n\000c\000t\000i\000o\000n\000\040\000D\000o\000c\000u\000m\000e\000n\000t\000a\000t\000i\000o\000n}{section.3.6}% 52
\BOOKMARK [3][-]{subsubsection.3.6.2.1}{\376\377\0003\000.\0006\000.\0002\000.\0001\000\040\000c\000o\000m\000p\000u\000t\000e\000S\000o\000l\000u\000t\000i\000o\000n\000\050\000\051}{subsection.3.6.2}% 53
\BOOKMARK [1][-]{section.3.7}{\376\377\0003\000.\0007\000\040\000S\000o\000l\000v\000e\000r\000\040\000C\000l\000a\000s\000s\000\040\000R\000e\000f\000e\000r\000e\000n\000c\000e}{chapter.3}% 54
\BOOKMARK [2][-]{subsection.3.7.1}{\376\377\0003\000.\0007\000.\0001\000\040\000C\000o\000n\000s\000t\000r\000u\000c\000t\000o\000r\000\040\000\046\000\040\000D\000e\000s\000t\000r\000u\000c\000t\000o\000r\000\040\000D\000o\000c\000u\000m\000e\000n\000t\000a\000t\000i\000o\000n}{section.3.7}% 55
\BOOKMARK [3][-]{subsubsection.3.7.1.1}{\376\377\0003\000.\0007\000.\0001\000.\0001\000\040\000S\000o\000l\000v\000e\000r\000\050\000\051}{subsection.3.7.1}% 56
\BOOKMARK [3][-]{subsubsection.3.7.1.2}{\376\377\0003\000.\0007\000.\0001\000.\0002\000\040\000\040\000S\000o\000l\000v\000e\000r\000\050\000\051}{subsection.3.7.1}% 57
\BOOKMARK [2][-]{subsection.3.7.2}{\376\377\0003\000.\0007\000.\0002\000\040\000M\000e\000m\000b\000e\000r\000\040\000F\000u\000n\000c\000t\000i\000o\000n\000\040\000D\000o\000c\000u\000m\000e\000n\000t\000a\000t\000i\000o\000n}{section.3.7}% 58
\BOOKMARK [3][-]{subsubsection.3.7.2.1}{\376\377\0003\000.\0007\000.\0002\000.\0001\000\040\000c\000o\000m\000p\000u\000t\000e\000S\000o\000l\000u\000t\000i\000o\000n\000\050\000\051}{subsection.3.7.2}% 59
\BOOKMARK [3][-]{subsubsection.3.7.2.2}{\376\377\0003\000.\0007\000.\0002\000.\0002\000\040\000g\000e\000t\000C\000o\000m\000p\000u\000t\000e\000d\000S\000o\000l\000u\000t\000i\000o\000n\000\050\000\051}{subsection.3.7.2}% 60
\BOOKMARK [3][-]{subsubsection.3.7.2.3}{\376\377\0003\000.\0007\000.\0002\000.\0003\000\040\000g\000e\000t\000D\000\050\000\051}{subsection.3.7.2}% 61
\BOOKMARK [3][-]{subsubsection.3.7.2.4}{\376\377\0003\000.\0007\000.\0002\000.\0004\000\040\000g\000e\000t\000D\000T\000\050\000\051}{subsection.3.7.2}% 62
\BOOKMARK [3][-]{subsubsection.3.7.2.5}{\376\377\0003\000.\0007\000.\0002\000.\0005\000\040\000g\000e\000t\000D\000X\000\050\000\051}{subsection.3.7.2}% 63
\BOOKMARK [3][-]{subsubsection.3.7.2.6}{\376\377\0003\000.\0007\000.\0002\000.\0006\000\040\000g\000e\000t\000L\000\050\000\051}{subsection.3.7.2}% 64
\BOOKMARK [3][-]{subsubsection.3.7.2.7}{\376\377\0003\000.\0007\000.\0002\000.\0007\000\040\000g\000e\000t\000T\000\050\000\051}{subsection.3.7.2}% 65
\BOOKMARK [3][-]{subsubsection.3.7.2.8}{\376\377\0003\000.\0007\000.\0002\000.\0008\000\040\000g\000e\000t\000T\000i\000n\000\050\000\051}{subsection.3.7.2}% 66
\BOOKMARK [3][-]{subsubsection.3.7.2.9}{\376\377\0003\000.\0007\000.\0002\000.\0009\000\040\000g\000e\000t\000T\000s\000u\000r\000\050\000\051}{subsection.3.7.2}% 67
\BOOKMARK [2][-]{subsection.3.7.3}{\376\377\0003\000.\0007\000.\0003\000\040\000F\000r\000i\000e\000n\000d\000s\000\040\000A\000n\000d\000\040\000R\000e\000l\000a\000t\000e\000d\000\040\000F\000u\000n\000c\000t\000i\000o\000n\000\040\000D\000o\000c\000u\000m\000e\000n\000t\000a\000t\000i\000o\000n}{section.3.7}% 68
\BOOKMARK [3][-]{subsubsection.3.7.3.1}{\376\377\0003\000.\0007\000.\0003\000.\0001\000\040\000o\000p\000e\000r\000a\000t\000o\000r\000<\000<\000\040\000[\0001\000/\0002\000]}{subsection.3.7.3}% 69
\BOOKMARK [3][-]{subsubsection.3.7.3.2}{\376\377\0003\000.\0007\000.\0003\000.\0002\000\040\000o\000p\000e\000r\000a\000t\000o\000r\000<\000<\000\040\000[\0002\000/\0002\000]}{subsection.3.7.3}% 70
\BOOKMARK [1][-]{section.3.8}{\376\377\0003\000.\0008\000\040\000V\000e\000c\000t\000o\000r\000\040\000C\000l\000a\000s\000s\000\040\000R\000e\000f\000e\000r\000e\000n\000c\000e}{chapter.3}% 71
\BOOKMARK [2][-]{subsection.3.8.1}{\376\377\0003\000.\0008\000.\0001\000\040\000D\000e\000t\000a\000i\000l\000e\000d\000\040\000D\000e\000s\000c\000r\000i\000p\000t\000i\000o\000n}{section.3.8}% 72
\BOOKMARK [2][-]{subsection.3.8.2}{\376\377\0003\000.\0008\000.\0002\000\040\000C\000o\000n\000s\000t\000r\000u\000c\000t\000o\000r\000\040\000\046\000\040\000D\000e\000s\000t\000r\000u\000c\000t\000o\000r\000\040\000D\000o\000c\000u\000m\000e\000n\000t\000a\000t\000i\000o\000n}{section.3.8}% 73
\BOOKMARK [3][-]{subsubsection.3.8.2.1}{\376\377\0003\000.\0008\000.\0002\000.\0001\000\040\000V\000e\000c\000t\000o\000r\000\050\000\051\000\040\000[\0001\000/\0003\000]}{subsection.3.8.2}% 74
\BOOKMARK [3][-]{subsubsection.3.8.2.2}{\376\377\0003\000.\0008\000.\0002\000.\0002\000\040\000V\000e\000c\000t\000o\000r\000\050\000\051\000\040\000[\0002\000/\0003\000]}{subsection.3.8.2}% 75
\BOOKMARK [3][-]{subsubsection.3.8.2.3}{\376\377\0003\000.\0008\000.\0002\000.\0003\000\040\000V\000e\000c\000t\000o\000r\000\050\000\051\000\040\000[\0003\000/\0003\000]}{subsection.3.8.2}% 76
\BOOKMARK [2][-]{subsection.3.8.3}{\376\377\0003\000.\0008\000.\0003\000\040\000M\000e\000m\000b\000e\000r\000\040\000F\000u\000n\000c\000t\000i\000o\000n\000\040\000D\000o\000c\000u\000m\000e\000n\000t\000a\000t\000i\000o\000n}{section.3.8}% 77
\BOOKMARK [3][-]{subsubsection.3.8.3.1}{\376\377\0003\000.\0008\000.\0003\000.\0001\000\040\000g\000e\000t\000S\000i\000z\000e\000\050\000\051}{subsection.3.8.3}% 78
\BOOKMARK [3][-]{subsubsection.3.8.3.2}{\376\377\0003\000.\0008\000.\0003\000.\0002\000\040\000o\000n\000e\000\137\000n\000o\000r\000m\000\050\000\051}{subsection.3.8.3}% 79
\BOOKMARK [3][-]{subsubsection.3.8.3.3}{\376\377\0003\000.\0008\000.\0003\000.\0003\000\040\000o\000p\000e\000r\000a\000t\000o\000r\000=\000\050\000\051}{subsection.3.8.3}% 80
\BOOKMARK [3][-]{subsubsection.3.8.3.4}{\376\377\0003\000.\0008\000.\0003\000.\0004\000\040\000o\000p\000e\000r\000a\000t\000o\000r\000=\000=\000\050\000\051}{subsection.3.8.3}% 81
\BOOKMARK [3][-]{subsubsection.3.8.3.5}{\376\377\0003\000.\0008\000.\0003\000.\0005\000\040\000t\000w\000o\000\137\000n\000o\000r\000m\000\050\000\051}{subsection.3.8.3}% 82
\BOOKMARK [3][-]{subsubsection.3.8.3.6}{\376\377\0003\000.\0008\000.\0003\000.\0006\000\040\000u\000n\000i\000f\000o\000r\000m\000\137\000n\000o\000r\000m\000\050\000\051}{subsection.3.8.3}% 83
\BOOKMARK [2][-]{subsection.3.8.4}{\376\377\0003\000.\0008\000.\0004\000\040\000F\000r\000i\000e\000n\000d\000s\000\040\000A\000n\000d\000\040\000R\000e\000l\000a\000t\000e\000d\000\040\000F\000u\000n\000c\000t\000i\000o\000n\000\040\000D\000o\000c\000u\000m\000e\000n\000t\000a\000t\000i\000o\000n}{section.3.8}% 84
\BOOKMARK [3][-]{subsubsection.3.8.4.1}{\376\377\0003\000.\0008\000.\0004\000.\0001\000\040\000o\000p\000e\000r\000a\000t\000o\000r\000<\000<\000\040\000[\0001\000/\0002\000]}{subsection.3.8.4}% 85
\BOOKMARK [3][-]{subsubsection.3.8.4.2}{\376\377\0003\000.\0008\000.\0004\000.\0002\000\040\000o\000p\000e\000r\000a\000t\000o\000r\000<\000<\000\040\000[\0002\000/\0002\000]}{subsection.3.8.4}% 86
\BOOKMARK [3][-]{subsubsection.3.8.4.3}{\376\377\0003\000.\0008\000.\0004\000.\0003\000\040\000o\000p\000e\000r\000a\000t\000o\000r\000>\000>\000\040\000[\0001\000/\0002\000]}{subsection.3.8.4}% 87
\BOOKMARK [3][-]{subsubsection.3.8.4.4}{\376\377\0003\000.\0008\000.\0004\000.\0004\000\040\000o\000p\000e\000r\000a\000t\000o\000r\000>\000>\000\040\000[\0002\000/\0002\000]}{subsection.3.8.4}% 88
\BOOKMARK [0][-]{section*.27}{\376\377\000I\000n\000d\000e\000x}{}% 89
